<?xml version="1.0" encoding="UTF-8"?>
<!-- Generated by org.testng.reporters.JUnitXMLReporter -->
<testsuite ignored="0" hostname="Shivani" failures="0" tests="14" name="Surefire test" time="45.748" errors="0" timestamp="2023-02-09T12:34:17 IST">
  <testcase classname="com.qa.Tests.BaseTest" name="@AfterMethod tearDownMethod" time="1.402">
    <failure type="java.io.FileNotFoundException" message="C:\Users\HP\eclipse-workspace\SwagLab\Screenshots\verifyCartCountTest.jpeg (The system cannot find the path specified)">
      <![CDATA[java.io.FileNotFoundException: C:\Users\HP\eclipse-workspace\SwagLab\Screenshots\verifyCartCountTest.jpeg (The system cannot find the path specified)
at java.base/java.io.FileOutputStream.open0(Native Method)
at java.base/java.io.FileOutputStream.open(FileOutputStream.java:298)
at java.base/java.io.FileOutputStream.<init>(FileOutputStream.java:237)
at java.base/java.io.FileOutputStream.<init>(FileOutputStream.java:187)
at org.openqa.selenium.io.FileHandler.copyFile(FileHandler.java:136)
at org.openqa.selenium.io.FileHandler.copy(FileHandler.java:115)
at com.Utility.UtilityMethods.screenshot(UtilityMethods.java:106)
at com.qa.Tests.BaseTest.tearDownMethod(BaseTest.java:55)
at java.base/java.util.ArrayList.forEach(ArrayList.java:1541)
... Removed 37 stack frames]]>
    </failure>
  </testcase> <!-- @AfterMethod tearDownMethod -->
  <testcase classname="com.qa.Tests.BaseTest" name="@BeforeMethod setUpMethod" time="-1.675926240282E9">
    <skipped/>
  </testcase> <!-- @BeforeMethod setUpMethod -->
  <testcase classname="com.qa.Tests.BaseTest" name="@AfterMethod tearDownMethod" time="-1.675926240286E9">
    <skipped/>
  </testcase> <!-- @AfterMethod tearDownMethod -->
  <testcase classname="com.qa.Tests.BaseTest" name="@BeforeMethod setUpMethod" time="-1.675926240287E9">
    <skipped/>
  </testcase> <!-- @BeforeMethod setUpMethod -->
  <testcase classname="com.qa.Tests.BaseTest" name="@AfterMethod tearDownMethod" time="-1.67592624029E9">
    <skipped/>
  </testcase> <!-- @AfterMethod tearDownMethod -->
  <testcase classname="com.qa.Tests.BaseTest" name="@BeforeMethod setUpMethod" time="-1.67592624029E9">
    <skipped/>
  </testcase> <!-- @BeforeMethod setUpMethod -->
  <testcase classname="com.qa.Tests.BaseTest" name="@AfterMethod tearDownMethod" time="-1.675926240291E9">
    <skipped/>
  </testcase> <!-- @AfterMethod tearDownMethod -->
  <testcase classname="com.qa.Tests.BaseTest" name="@AfterMethod tearDownMethod" time="0.577">
    <failure type="java.io.FileNotFoundException" message="C:\Users\HP\eclipse-workspace\SwagLab\Screenshots\verifyBoatLogoTest.jpeg (The system cannot find the path specified)">
      <![CDATA[java.io.FileNotFoundException: C:\Users\HP\eclipse-workspace\SwagLab\Screenshots\verifyBoatLogoTest.jpeg (The system cannot find the path specified)
at java.base/java.io.FileOutputStream.open0(Native Method)
at java.base/java.io.FileOutputStream.open(FileOutputStream.java:298)
at java.base/java.io.FileOutputStream.<init>(FileOutputStream.java:237)
at java.base/java.io.FileOutputStream.<init>(FileOutputStream.java:187)
at org.openqa.selenium.io.FileHandler.copyFile(FileHandler.java:136)
at org.openqa.selenium.io.FileHandler.copy(FileHandler.java:115)
at com.Utility.UtilityMethods.screenshot(UtilityMethods.java:106)
at com.qa.Tests.BaseTest.tearDownMethod(BaseTest.java:55)
at java.base/java.util.ArrayList.forEach(ArrayList.java:1541)
... Removed 37 stack frames]]>
    </failure>
  </testcase> <!-- @AfterMethod tearDownMethod -->
  <testcase classname="com.qa.Tests.BaseTest" name="@BeforeMethod setUpMethod" time="-1.675926257905E9">
    <skipped/>
  </testcase> <!-- @BeforeMethod setUpMethod -->
  <testcase classname="com.qa.Tests.BaseTest" name="@AfterMethod tearDownMethod" time="-1.675926257906E9">
    <skipped/>
  </testcase> <!-- @AfterMethod tearDownMethod -->
  <testcase classname="com.qa.Tests.BaseTest" name="@BeforeMethod setUpMethod" time="-1.675926257906E9">
    <skipped/>
  </testcase> <!-- @BeforeMethod setUpMethod -->
  <testcase classname="com.qa.Tests.BaseTest" name="@AfterMethod tearDownMethod" time="-1.675926257907E9">
    <skipped/>
  </testcase> <!-- @AfterMethod tearDownMethod -->
  <testcase classname="com.qa.Tests.BaseTest" name="@BeforeMethod setUpMethod" time="-1.675926257907E9">
    <skipped/>
  </testcase> <!-- @BeforeMethod setUpMethod -->
  <testcase classname="com.qa.Tests.BaseTest" name="@AfterMethod tearDownMethod" time="-1.675926257908E9">
    <skipped/>
  </testcase> <!-- @AfterMethod tearDownMethod -->
  <testcase classname="com.qa.Tests.BaseTest" name="@BeforeMethod setUpMethod" time="-1.675926257908E9">
    <skipped/>
  </testcase> <!-- @BeforeMethod setUpMethod -->
  <testcase classname="com.qa.Tests.BaseTest" name="@AfterMethod tearDownMethod" time="-1.675926257909E9">
    <skipped/>
  </testcase> <!-- @AfterMethod tearDownMethod -->
  <testcase classname="com.qa.Tests.BaseTest" name="@BeforeMethod setUpMethod" time="-1.675926257909E9">
    <skipped/>
  </testcase> <!-- @BeforeMethod setUpMethod -->
  <testcase classname="com.qa.Tests.BaseTest" name="@AfterMethod tearDownMethod" time="-1.67592625791E9">
    <skipped/>
  </testcase> <!-- @AfterMethod tearDownMethod -->
  <testcase classname="com.qa.Tests.BaseTest" name="@BeforeMethod setUpMethod" time="-1.67592625791E9">
    <skipped/>
  </testcase> <!-- @BeforeMethod setUpMethod -->
  <testcase classname="com.qa.Tests.BaseTest" name="@AfterMethod tearDownMethod" time="-1.675926257911E9">
    <skipped/>
  </testcase> <!-- @AfterMethod tearDownMethod -->
  <testcase classname="com.qa.Tests.BaseTest" name="@BeforeMethod setUpMethod" time="-1.675926257912E9">
    <skipped/>
  </testcase> <!-- @BeforeMethod setUpMethod -->
  <testcase classname="com.qa.Tests.BaseTest" name="@AfterMethod tearDownMethod" time="-1.675926257912E9">
    <skipped/>
  </testcase> <!-- @AfterMethod tearDownMethod -->
  <testcase classname="com.qa.Tests.BaseTest" name="@BeforeMethod setUpMethod" time="-1.675926257915E9">
    <skipped/>
  </testcase> <!-- @BeforeMethod setUpMethod -->
  <testcase classname="com.qa.Tests.BaseTest" name="@AfterMethod tearDownMethod" time="-1.675926257917E9">
    <skipped/>
  </testcase> <!-- @AfterMethod tearDownMethod -->
  <testcase classname="com.qa.Tests.InventoryPageTest" name="verifyCartCountTest" time="4.049"/>
  <testcase classname="com.qa.Tests.InventoryPageTest" name="verifyItemAddedToCartTest" time="0.0">
    <skipped/>
  </testcase> <!-- verifyItemAddedToCartTest -->
  <testcase classname="com.qa.Tests.InventoryPageTest" name="verifyItemRemovesFromCart" time="0.0">
    <skipped/>
  </testcase> <!-- verifyItemRemovesFromCart -->
  <testcase classname="com.qa.Tests.InventoryPageTest" name="verifyPriceLowToHighDropdownOptionTest" time="0.0">
    <skipped/>
  </testcase> <!-- verifyPriceLowToHighDropdownOptionTest -->
  <testcase classname="com.qa.Tests.LoginPageTest" name="verifyBoatLogoTest" time="0.069"/>
  <testcase classname="com.qa.Tests.LoginPageTest" name="verifyErrorMessageForPassword" time="0.0">
    <skipped/>
  </testcase> <!-- verifyErrorMessageForPassword -->
  <testcase classname="com.qa.Tests.LoginPageTest" name="verifyErrorMessageForUsername" time="0.0">
    <skipped/>
  </testcase> <!-- verifyErrorMessageForUsername -->
  <testcase classname="com.qa.Tests.LoginPageTest" name="verifyErrorMessageForWrongCredentials" time="0.0">
    <skipped/>
  </testcase> <!-- verifyErrorMessageForWrongCredentials -->
  <testcase classname="com.qa.Tests.LoginPageTest" name="verifyLogin" time="0.0">
    <skipped/>
  </testcase> <!-- verifyLogin -->
  <testcase classname="com.qa.Tests.LoginPageTest" name="verifyLoginPageTitle" time="0.0">
    <skipped/>
  </testcase> <!-- verifyLoginPageTitle -->
  <testcase classname="com.qa.Tests.LoginPageTest" name="verifyLoginPageURL" time="0.0">
    <skipped/>
  </testcase> <!-- verifyLoginPageURL -->
  <testcase classname="com.qa.Tests.LoginPageTest" name="verifyUsername" time="0.0">
    <skipped/>
  </testcase> <!-- verifyUsername -->
  <testcase classname="com.qa.Tests.LoginPageTest" name="verifyPassword" time="0.0">
    <skipped/>
  </testcase> <!-- verifyPassword -->
  <testcase classname="com.qa.Tests.LoginPageTest" name="verifyLoginLogoTest" time="0.0">
    <skipped/>
  </testcase> <!-- verifyLoginLogoTest -->
</testsuite> <!-- Surefire test -->
