<!DOCTYPE html PUBLIC "-//W3C//DTD XHTML 1.1//EN" "http://www.w3.org/TR/xhtml11/DTD/xhtml11.dtd">
<html xmlns="http://www.w3.org/1999/xhtml">
<head>
<meta http-equiv="content-type" content="text/html; charset=UTF-8"/>
<title>TestNG Report</title>
<style type="text/css">table {margin-bottom:10px;border-collapse:collapse;empty-cells:show}th,td {border:1px solid #009;padding:.25em .5em}th {vertical-align:bottom}td {vertical-align:top}table a {font-weight:bold}.stripe td {background-color: #E6EBF9}.num {text-align:right}.passedodd td {background-color: #3F3}.passedeven td {background-color: #0A0}.skippedodd td {background-color: #DDD}.skippedeven td {background-color: #CCC}.failedodd td,.attn {background-color: #F33}.failedeven td,.stripe .attn {background-color: #D00}.stacktrace {white-space:pre;font-family:monospace}.totop {font-size:85%;text-align:center;border-bottom:2px solid #000}.invisible {display:none}</style>
</head>
<body>
<table>
<tr><th>Test</th><th># Passed</th><th># Skipped</th><th># Retried</th><th># Failed</th><th>Time (ms)</th><th>Included Groups</th><th>Excluded Groups</th></tr>
<tr><th colspan="7">Surefire suite</th></tr>
<tr><td><a href="#t0">Surefire test</a></td><td class="num">2</td><td class="num attn">12</td><td class="num">0</td><td class="num">0</td><td class="num">45,748</td><td></td><td></td></tr>
</table>
<table id='summary'><thead><tr><th>Class</th><th>Method</th><th>Start</th><th>Time (ms)</th></tr></thead><tbody><tr><th colspan="4">Surefire suite</th></tr></tbody><tbody id="t0"><tr><th colspan="4">Surefire test &#8212; failed (configuration methods)</th></tr><tr class="failedeven"><td rowspan="1">com.qa.Tests.InventoryPageTest</td><td><a href="#m0">tearDownMethod</a></td><td rowspan="1">1675926238408</td><td rowspan="1">1402</td></tr><tr class="failedodd"><td rowspan="1">com.qa.Tests.LoginPageTest</td><td><a href="#m1">tearDownMethod</a></td><td rowspan="1">1675926257327</td><td rowspan="1">577</td></tr><tr><th colspan="4">Surefire test &#8212; skipped (configuration methods)</th></tr><tr class="skippedeven"><td rowspan="6">com.qa.Tests.InventoryPageTest</td><td><a href="#m2">setUpMethod</a></td><td rowspan="3">1675926240282</td><td rowspan="3">-1675926240282</td></tr><tr class="skippedeven"><td><a href="#m3">setUpMethod</a></td></tr><tr class="skippedeven"><td><a href="#m4">setUpMethod</a></td></tr><tr class="skippedeven"><td><a href="#m5">tearDownMethod</a></td><td rowspan="3">1675926240290</td><td rowspan="3">-1675926240290</td></tr><tr class="skippedeven"><td><a href="#m6">tearDownMethod</a></td></tr><tr class="skippedeven"><td><a href="#m7">tearDownMethod</a></td></tr><tr class="skippedodd"><td rowspan="16">com.qa.Tests.LoginPageTest</td><td><a href="#m8">setUpMethod</a></td><td rowspan="8">1675926257906</td><td rowspan="8">-1675926257906</td></tr><tr class="skippedodd"><td><a href="#m9">setUpMethod</a></td></tr><tr class="skippedodd"><td><a href="#m10">setUpMethod</a></td></tr><tr class="skippedodd"><td><a href="#m11">setUpMethod</a></td></tr><tr class="skippedodd"><td><a href="#m12">setUpMethod</a></td></tr><tr class="skippedodd"><td><a href="#m13">setUpMethod</a></td></tr><tr class="skippedodd"><td><a href="#m14">setUpMethod</a></td></tr><tr class="skippedodd"><td><a href="#m15">setUpMethod</a></td></tr><tr class="skippedodd"><td><a href="#m16">tearDownMethod</a></td><td rowspan="8">1675926257907</td><td rowspan="8">-1675926257907</td></tr><tr class="skippedodd"><td><a href="#m17">tearDownMethod</a></td></tr><tr class="skippedodd"><td><a href="#m18">tearDownMethod</a></td></tr><tr class="skippedodd"><td><a href="#m19">tearDownMethod</a></td></tr><tr class="skippedodd"><td><a href="#m20">tearDownMethod</a></td></tr><tr class="skippedodd"><td><a href="#m21">tearDownMethod</a></td></tr><tr class="skippedodd"><td><a href="#m22">tearDownMethod</a></td></tr><tr class="skippedodd"><td><a href="#m23">tearDownMethod</a></td></tr><tr><th colspan="4">Surefire test &#8212; skipped</th></tr><tr class="skippedeven"><td rowspan="3">com.qa.Tests.InventoryPageTest</td><td><a href="#m24">verifyItemAddedToCartTest</a></td><td rowspan="1">1675926240284</td><td rowspan="1">0</td></tr><tr class="skippedeven"><td><a href="#m25">verifyItemRemovesFromCart</a></td><td rowspan="1">1675926240288</td><td rowspan="1">0</td></tr><tr class="skippedeven"><td><a href="#m26">verifyPriceLowToHighDropdownOptionTest</a></td><td rowspan="1">1675926240291</td><td rowspan="1">0</td></tr><tr class="skippedodd"><td rowspan="9">com.qa.Tests.LoginPageTest</td><td><a href="#m27">verifyErrorMessageForPassword</a></td><td rowspan="1">1675926257905</td><td rowspan="1">0</td></tr><tr class="skippedodd"><td><a href="#m28">verifyErrorMessageForUsername</a></td><td rowspan="1">1675926257906</td><td rowspan="1">0</td></tr><tr class="skippedodd"><td><a href="#m29">verifyErrorMessageForWrongCredentials</a></td><td rowspan="1">1675926257908</td><td rowspan="1">0</td></tr><tr class="skippedodd"><td><a href="#m30">verifyLogin</a></td><td rowspan="1">1675926257908</td><td rowspan="1">0</td></tr><tr class="skippedodd"><td><a href="#m31">verifyLoginLogoTest</a></td><td rowspan="1">1675926257918</td><td rowspan="1">0</td></tr><tr class="skippedodd"><td><a href="#m32">verifyLoginPageTitle</a></td><td rowspan="1">1675926257909</td><td rowspan="1">0</td></tr><tr class="skippedodd"><td><a href="#m33">verifyLoginPageURL</a></td><td rowspan="1">1675926257911</td><td rowspan="1">0</td></tr><tr class="skippedodd"><td><a href="#m34">verifyPassword</a></td><td rowspan="1">1675926257916</td><td rowspan="1">0</td></tr><tr class="skippedodd"><td><a href="#m35">verifyUsername</a></td><td rowspan="1">1675926257912</td><td rowspan="1">0</td></tr><tr><th colspan="4">Surefire test &#8212; passed</th></tr><tr class="passedeven"><td rowspan="1">com.qa.Tests.InventoryPageTest</td><td><a href="#m36">verifyCartCountTest</a></td><td rowspan="1">1675926234357</td><td rowspan="1">4049</td></tr><tr class="passedodd"><td rowspan="1">com.qa.Tests.LoginPageTest</td><td><a href="#m37">verifyBoatLogoTest</a></td><td rowspan="1">1675926257257</td><td rowspan="1">69</td></tr></tbody>
</table>
<h2>Surefire test</h2><h3 id="m0">com.qa.Tests.InventoryPageTest#tearDownMethod</h3><table class="result"><tr class="param"><th>Parameter #1</th></tr><tr class="param stripe"><td>[TestResult name=verifyCartCountTest status=SUCCESS method=InventoryPageTest.verifyCartCountTest()[pri:0, instance:com.qa.Tests.InventoryPageTest@13b6aecc] output={null}]</td></tr><tr><th>Exception</th></tr><tr><td><div class="stacktrace">java.io.FileNotFoundException: C:\Users\HP\eclipse-workspace\SwagLab\Screenshots\verifyCartCountTest.jpeg (The system cannot find the path specified)
	at java.base/java.io.FileOutputStream.open0(Native Method)
	at java.base/java.io.FileOutputStream.open(FileOutputStream.java:298)
	at java.base/java.io.FileOutputStream.&lt;init&gt;(FileOutputStream.java:237)
	at java.base/java.io.FileOutputStream.&lt;init&gt;(FileOutputStream.java:187)
	at org.openqa.selenium.io.FileHandler.copyFile(FileHandler.java:136)
	at org.openqa.selenium.io.FileHandler.copy(FileHandler.java:115)
	at com.Utility.UtilityMethods.screenshot(UtilityMethods.java:106)
	at com.qa.Tests.BaseTest.tearDownMethod(BaseTest.java:55)
	at java.base/java.util.ArrayList.forEach(ArrayList.java:1541)
... Removed 37 stack frames</div></td></tr></table><p class="totop"><a href="#summary">back to summary</a></p>
<h3 id="m1">com.qa.Tests.LoginPageTest#tearDownMethod</h3><table class="result"><tr class="param"><th>Parameter #1</th></tr><tr class="param stripe"><td>[TestResult name=verifyBoatLogoTest status=SUCCESS method=LoginPageTest.verifyBoatLogoTest()[pri:0, instance:com.qa.Tests.LoginPageTest@158a8276] output={null}]</td></tr><tr><th>Exception</th></tr><tr><td><div class="stacktrace">java.io.FileNotFoundException: C:\Users\HP\eclipse-workspace\SwagLab\Screenshots\verifyBoatLogoTest.jpeg (The system cannot find the path specified)
	at java.base/java.io.FileOutputStream.open0(Native Method)
	at java.base/java.io.FileOutputStream.open(FileOutputStream.java:298)
	at java.base/java.io.FileOutputStream.&lt;init&gt;(FileOutputStream.java:237)
	at java.base/java.io.FileOutputStream.&lt;init&gt;(FileOutputStream.java:187)
	at org.openqa.selenium.io.FileHandler.copyFile(FileHandler.java:136)
	at org.openqa.selenium.io.FileHandler.copy(FileHandler.java:115)
	at com.Utility.UtilityMethods.screenshot(UtilityMethods.java:106)
	at com.qa.Tests.BaseTest.tearDownMethod(BaseTest.java:55)
	at java.base/java.util.ArrayList.forEach(ArrayList.java:1541)
... Removed 37 stack frames</div></td></tr></table><p class="totop"><a href="#summary">back to summary</a></p>
<h3 id="m2">com.qa.Tests.InventoryPageTest#setUpMethod</h3><table class="result"><tr><th class="invisible"/></tr></table><p class="totop"><a href="#summary">back to summary</a></p>
<h3 id="m3">com.qa.Tests.InventoryPageTest#setUpMethod</h3><table class="result"><tr><th class="invisible"/></tr></table><p class="totop"><a href="#summary">back to summary</a></p>
<h3 id="m4">com.qa.Tests.InventoryPageTest#setUpMethod</h3><table class="result"><tr><th class="invisible"/></tr></table><p class="totop"><a href="#summary">back to summary</a></p>
<h3 id="m5">com.qa.Tests.InventoryPageTest#tearDownMethod</h3><table class="result"><tr><th class="invisible"/></tr></table><p class="totop"><a href="#summary">back to summary</a></p>
<h3 id="m6">com.qa.Tests.InventoryPageTest#tearDownMethod</h3><table class="result"><tr><th class="invisible"/></tr></table><p class="totop"><a href="#summary">back to summary</a></p>
<h3 id="m7">com.qa.Tests.InventoryPageTest#tearDownMethod</h3><table class="result"><tr><th class="invisible"/></tr></table><p class="totop"><a href="#summary">back to summary</a></p>
<h3 id="m8">com.qa.Tests.LoginPageTest#setUpMethod</h3><table class="result"><tr><th class="invisible"/></tr></table><p class="totop"><a href="#summary">back to summary</a></p>
<h3 id="m9">com.qa.Tests.LoginPageTest#setUpMethod</h3><table class="result"><tr><th class="invisible"/></tr></table><p class="totop"><a href="#summary">back to summary</a></p>
<h3 id="m10">com.qa.Tests.LoginPageTest#setUpMethod</h3><table class="result"><tr><th class="invisible"/></tr></table><p class="totop"><a href="#summary">back to summary</a></p>
<h3 id="m11">com.qa.Tests.LoginPageTest#setUpMethod</h3><table class="result"><tr><th class="invisible"/></tr></table><p class="totop"><a href="#summary">back to summary</a></p>
<h3 id="m12">com.qa.Tests.LoginPageTest#setUpMethod</h3><table class="result"><tr><th class="invisible"/></tr></table><p class="totop"><a href="#summary">back to summary</a></p>
<h3 id="m13">com.qa.Tests.LoginPageTest#setUpMethod</h3><table class="result"><tr><th class="invisible"/></tr></table><p class="totop"><a href="#summary">back to summary</a></p>
<h3 id="m14">com.qa.Tests.LoginPageTest#setUpMethod</h3><table class="result"><tr><th class="invisible"/></tr></table><p class="totop"><a href="#summary">back to summary</a></p>
<h3 id="m15">com.qa.Tests.LoginPageTest#setUpMethod</h3><table class="result"><tr><th class="invisible"/></tr></table><p class="totop"><a href="#summary">back to summary</a></p>
<h3 id="m16">com.qa.Tests.LoginPageTest#tearDownMethod</h3><table class="result"><tr><th class="invisible"/></tr></table><p class="totop"><a href="#summary">back to summary</a></p>
<h3 id="m17">com.qa.Tests.LoginPageTest#tearDownMethod</h3><table class="result"><tr><th class="invisible"/></tr></table><p class="totop"><a href="#summary">back to summary</a></p>
<h3 id="m18">com.qa.Tests.LoginPageTest#tearDownMethod</h3><table class="result"><tr><th class="invisible"/></tr></table><p class="totop"><a href="#summary">back to summary</a></p>
<h3 id="m19">com.qa.Tests.LoginPageTest#tearDownMethod</h3><table class="result"><tr><th class="invisible"/></tr></table><p class="totop"><a href="#summary">back to summary</a></p>
<h3 id="m20">com.qa.Tests.LoginPageTest#tearDownMethod</h3><table class="result"><tr><th class="invisible"/></tr></table><p class="totop"><a href="#summary">back to summary</a></p>
<h3 id="m21">com.qa.Tests.LoginPageTest#tearDownMethod</h3><table class="result"><tr><th class="invisible"/></tr></table><p class="totop"><a href="#summary">back to summary</a></p>
<h3 id="m22">com.qa.Tests.LoginPageTest#tearDownMethod</h3><table class="result"><tr><th class="invisible"/></tr></table><p class="totop"><a href="#summary">back to summary</a></p>
<h3 id="m23">com.qa.Tests.LoginPageTest#tearDownMethod</h3><table class="result"><tr><th class="invisible"/></tr></table><p class="totop"><a href="#summary">back to summary</a></p>
<h3 id="m24">com.qa.Tests.InventoryPageTest#verifyItemAddedToCartTest</h3><table class="result"><tr><th>Exception</th></tr><tr><td><div class="stacktrace">java.io.FileNotFoundException: C:\Users\HP\eclipse-workspace\SwagLab\Screenshots\verifyCartCountTest.jpeg (The system cannot find the path specified)
	at java.base/java.io.FileOutputStream.open0(Native Method)
	at java.base/java.io.FileOutputStream.open(FileOutputStream.java:298)
	at java.base/java.io.FileOutputStream.&lt;init&gt;(FileOutputStream.java:237)
	at java.base/java.io.FileOutputStream.&lt;init&gt;(FileOutputStream.java:187)
	at org.openqa.selenium.io.FileHandler.copyFile(FileHandler.java:136)
	at org.openqa.selenium.io.FileHandler.copy(FileHandler.java:115)
	at com.Utility.UtilityMethods.screenshot(UtilityMethods.java:106)
	at com.qa.Tests.BaseTest.tearDownMethod(BaseTest.java:55)
	at java.base/java.util.ArrayList.forEach(ArrayList.java:1541)
... Removed 37 stack frames</div></td></tr></table><p class="totop"><a href="#summary">back to summary</a></p>
<h3 id="m25">com.qa.Tests.InventoryPageTest#verifyItemRemovesFromCart</h3><table class="result"><tr><th>Exception</th></tr><tr><td><div class="stacktrace">java.io.FileNotFoundException: C:\Users\HP\eclipse-workspace\SwagLab\Screenshots\verifyCartCountTest.jpeg (The system cannot find the path specified)
	at java.base/java.io.FileOutputStream.open0(Native Method)
	at java.base/java.io.FileOutputStream.open(FileOutputStream.java:298)
	at java.base/java.io.FileOutputStream.&lt;init&gt;(FileOutputStream.java:237)
	at java.base/java.io.FileOutputStream.&lt;init&gt;(FileOutputStream.java:187)
	at org.openqa.selenium.io.FileHandler.copyFile(FileHandler.java:136)
	at org.openqa.selenium.io.FileHandler.copy(FileHandler.java:115)
	at com.Utility.UtilityMethods.screenshot(UtilityMethods.java:106)
	at com.qa.Tests.BaseTest.tearDownMethod(BaseTest.java:55)
	at java.base/java.util.ArrayList.forEach(ArrayList.java:1541)
... Removed 37 stack frames</div></td></tr></table><p class="totop"><a href="#summary">back to summary</a></p>
<h3 id="m26">com.qa.Tests.InventoryPageTest#verifyPriceLowToHighDropdownOptionTest</h3><table class="result"><tr><th>Exception</th></tr><tr><td><div class="stacktrace">java.io.FileNotFoundException: C:\Users\HP\eclipse-workspace\SwagLab\Screenshots\verifyCartCountTest.jpeg (The system cannot find the path specified)
	at java.base/java.io.FileOutputStream.open0(Native Method)
	at java.base/java.io.FileOutputStream.open(FileOutputStream.java:298)
	at java.base/java.io.FileOutputStream.&lt;init&gt;(FileOutputStream.java:237)
	at java.base/java.io.FileOutputStream.&lt;init&gt;(FileOutputStream.java:187)
	at org.openqa.selenium.io.FileHandler.copyFile(FileHandler.java:136)
	at org.openqa.selenium.io.FileHandler.copy(FileHandler.java:115)
	at com.Utility.UtilityMethods.screenshot(UtilityMethods.java:106)
	at com.qa.Tests.BaseTest.tearDownMethod(BaseTest.java:55)
	at java.base/java.util.ArrayList.forEach(ArrayList.java:1541)
... Removed 37 stack frames</div></td></tr></table><p class="totop"><a href="#summary">back to summary</a></p>
<h3 id="m27">com.qa.Tests.LoginPageTest#verifyErrorMessageForPassword</h3><table class="result"><tr><th>Exception</th></tr><tr><td><div class="stacktrace">java.io.FileNotFoundException: C:\Users\HP\eclipse-workspace\SwagLab\Screenshots\verifyBoatLogoTest.jpeg (The system cannot find the path specified)
	at java.base/java.io.FileOutputStream.open0(Native Method)
	at java.base/java.io.FileOutputStream.open(FileOutputStream.java:298)
	at java.base/java.io.FileOutputStream.&lt;init&gt;(FileOutputStream.java:237)
	at java.base/java.io.FileOutputStream.&lt;init&gt;(FileOutputStream.java:187)
	at org.openqa.selenium.io.FileHandler.copyFile(FileHandler.java:136)
	at org.openqa.selenium.io.FileHandler.copy(FileHandler.java:115)
	at com.Utility.UtilityMethods.screenshot(UtilityMethods.java:106)
	at com.qa.Tests.BaseTest.tearDownMethod(BaseTest.java:55)
	at java.base/java.util.ArrayList.forEach(ArrayList.java:1541)
... Removed 37 stack frames</div></td></tr></table><p class="totop"><a href="#summary">back to summary</a></p>
<h3 id="m28">com.qa.Tests.LoginPageTest#verifyErrorMessageForUsername</h3><table class="result"><tr><th>Exception</th></tr><tr><td><div class="stacktrace">java.io.FileNotFoundException: C:\Users\HP\eclipse-workspace\SwagLab\Screenshots\verifyBoatLogoTest.jpeg (The system cannot find the path specified)
	at java.base/java.io.FileOutputStream.open0(Native Method)
	at java.base/java.io.FileOutputStream.open(FileOutputStream.java:298)
	at java.base/java.io.FileOutputStream.&lt;init&gt;(FileOutputStream.java:237)
	at java.base/java.io.FileOutputStream.&lt;init&gt;(FileOutputStream.java:187)
	at org.openqa.selenium.io.FileHandler.copyFile(FileHandler.java:136)
	at org.openqa.selenium.io.FileHandler.copy(FileHandler.java:115)
	at com.Utility.UtilityMethods.screenshot(UtilityMethods.java:106)
	at com.qa.Tests.BaseTest.tearDownMethod(BaseTest.java:55)
	at java.base/java.util.ArrayList.forEach(ArrayList.java:1541)
... Removed 37 stack frames</div></td></tr></table><p class="totop"><a href="#summary">back to summary</a></p>
<h3 id="m29">com.qa.Tests.LoginPageTest#verifyErrorMessageForWrongCredentials</h3><table class="result"><tr><th>Exception</th></tr><tr><td><div class="stacktrace">java.io.FileNotFoundException: C:\Users\HP\eclipse-workspace\SwagLab\Screenshots\verifyBoatLogoTest.jpeg (The system cannot find the path specified)
	at java.base/java.io.FileOutputStream.open0(Native Method)
	at java.base/java.io.FileOutputStream.open(FileOutputStream.java:298)
	at java.base/java.io.FileOutputStream.&lt;init&gt;(FileOutputStream.java:237)
	at java.base/java.io.FileOutputStream.&lt;init&gt;(FileOutputStream.java:187)
	at org.openqa.selenium.io.FileHandler.copyFile(FileHandler.java:136)
	at org.openqa.selenium.io.FileHandler.copy(FileHandler.java:115)
	at com.Utility.UtilityMethods.screenshot(UtilityMethods.java:106)
	at com.qa.Tests.BaseTest.tearDownMethod(BaseTest.java:55)
	at java.base/java.util.ArrayList.forEach(ArrayList.java:1541)
... Removed 37 stack frames</div></td></tr></table><p class="totop"><a href="#summary">back to summary</a></p>
<h3 id="m30">com.qa.Tests.LoginPageTest#verifyLogin</h3><table class="result"><tr><th>Exception</th></tr><tr><td><div class="stacktrace">java.io.FileNotFoundException: C:\Users\HP\eclipse-workspace\SwagLab\Screenshots\verifyBoatLogoTest.jpeg (The system cannot find the path specified)
	at java.base/java.io.FileOutputStream.open0(Native Method)
	at java.base/java.io.FileOutputStream.open(FileOutputStream.java:298)
	at java.base/java.io.FileOutputStream.&lt;init&gt;(FileOutputStream.java:237)
	at java.base/java.io.FileOutputStream.&lt;init&gt;(FileOutputStream.java:187)
	at org.openqa.selenium.io.FileHandler.copyFile(FileHandler.java:136)
	at org.openqa.selenium.io.FileHandler.copy(FileHandler.java:115)
	at com.Utility.UtilityMethods.screenshot(UtilityMethods.java:106)
	at com.qa.Tests.BaseTest.tearDownMethod(BaseTest.java:55)
	at java.base/java.util.ArrayList.forEach(ArrayList.java:1541)
... Removed 37 stack frames</div></td></tr></table><p class="totop"><a href="#summary">back to summary</a></p>
<h3 id="m31">com.qa.Tests.LoginPageTest#verifyLoginLogoTest</h3><table class="result"><tr><th>Exception</th></tr><tr><td><div class="stacktrace">java.lang.Throwable: Method LoginPageTest.verifyLoginLogoTest()[pri:0, instance:com.qa.Tests.LoginPageTest@158a8276] depends on not successfully finished methods
	at java.base/java.util.ArrayList.forEach(ArrayList.java:1541)
... Removed 23 stack frames</div></td></tr></table><p class="totop"><a href="#summary">back to summary</a></p>
<h3 id="m32">com.qa.Tests.LoginPageTest#verifyLoginPageTitle</h3><table class="result"><tr><th>Exception</th></tr><tr><td><div class="stacktrace">java.io.FileNotFoundException: C:\Users\HP\eclipse-workspace\SwagLab\Screenshots\verifyBoatLogoTest.jpeg (The system cannot find the path specified)
	at java.base/java.io.FileOutputStream.open0(Native Method)
	at java.base/java.io.FileOutputStream.open(FileOutputStream.java:298)
	at java.base/java.io.FileOutputStream.&lt;init&gt;(FileOutputStream.java:237)
	at java.base/java.io.FileOutputStream.&lt;init&gt;(FileOutputStream.java:187)
	at org.openqa.selenium.io.FileHandler.copyFile(FileHandler.java:136)
	at org.openqa.selenium.io.FileHandler.copy(FileHandler.java:115)
	at com.Utility.UtilityMethods.screenshot(UtilityMethods.java:106)
	at com.qa.Tests.BaseTest.tearDownMethod(BaseTest.java:55)
	at java.base/java.util.ArrayList.forEach(ArrayList.java:1541)
... Removed 37 stack frames</div></td></tr></table><p class="totop"><a href="#summary">back to summary</a></p>
<h3 id="m33">com.qa.Tests.LoginPageTest#verifyLoginPageURL</h3><table class="result"><tr><th>Exception</th></tr><tr><td><div class="stacktrace">java.io.FileNotFoundException: C:\Users\HP\eclipse-workspace\SwagLab\Screenshots\verifyBoatLogoTest.jpeg (The system cannot find the path specified)
	at java.base/java.io.FileOutputStream.open0(Native Method)
	at java.base/java.io.FileOutputStream.open(FileOutputStream.java:298)
	at java.base/java.io.FileOutputStream.&lt;init&gt;(FileOutputStream.java:237)
	at java.base/java.io.FileOutputStream.&lt;init&gt;(FileOutputStream.java:187)
	at org.openqa.selenium.io.FileHandler.copyFile(FileHandler.java:136)
	at org.openqa.selenium.io.FileHandler.copy(FileHandler.java:115)
	at com.Utility.UtilityMethods.screenshot(UtilityMethods.java:106)
	at com.qa.Tests.BaseTest.tearDownMethod(BaseTest.java:55)
	at java.base/java.util.ArrayList.forEach(ArrayList.java:1541)
... Removed 37 stack frames</div></td></tr></table><p class="totop"><a href="#summary">back to summary</a></p>
<h3 id="m34">com.qa.Tests.LoginPageTest#verifyPassword</h3><table class="result"><tr><th>Exception</th></tr><tr><td><div class="stacktrace">java.io.FileNotFoundException: C:\Users\HP\eclipse-workspace\SwagLab\Screenshots\verifyBoatLogoTest.jpeg (The system cannot find the path specified)
	at java.base/java.io.FileOutputStream.open0(Native Method)
	at java.base/java.io.FileOutputStream.open(FileOutputStream.java:298)
	at java.base/java.io.FileOutputStream.&lt;init&gt;(FileOutputStream.java:237)
	at java.base/java.io.FileOutputStream.&lt;init&gt;(FileOutputStream.java:187)
	at org.openqa.selenium.io.FileHandler.copyFile(FileHandler.java:136)
	at org.openqa.selenium.io.FileHandler.copy(FileHandler.java:115)
	at com.Utility.UtilityMethods.screenshot(UtilityMethods.java:106)
	at com.qa.Tests.BaseTest.tearDownMethod(BaseTest.java:55)
	at java.base/java.util.ArrayList.forEach(ArrayList.java:1541)
... Removed 37 stack frames</div></td></tr></table><p class="totop"><a href="#summary">back to summary</a></p>
<h3 id="m35">com.qa.Tests.LoginPageTest#verifyUsername</h3><table class="result"><tr><th>Exception</th></tr><tr><td><div class="stacktrace">java.io.FileNotFoundException: C:\Users\HP\eclipse-workspace\SwagLab\Screenshots\verifyBoatLogoTest.jpeg (The system cannot find the path specified)
	at java.base/java.io.FileOutputStream.open0(Native Method)
	at java.base/java.io.FileOutputStream.open(FileOutputStream.java:298)
	at java.base/java.io.FileOutputStream.&lt;init&gt;(FileOutputStream.java:237)
	at java.base/java.io.FileOutputStream.&lt;init&gt;(FileOutputStream.java:187)
	at org.openqa.selenium.io.FileHandler.copyFile(FileHandler.java:136)
	at org.openqa.selenium.io.FileHandler.copy(FileHandler.java:115)
	at com.Utility.UtilityMethods.screenshot(UtilityMethods.java:106)
	at com.qa.Tests.BaseTest.tearDownMethod(BaseTest.java:55)
	at java.base/java.util.ArrayList.forEach(ArrayList.java:1541)
... Removed 37 stack frames</div></td></tr></table><p class="totop"><a href="#summary">back to summary</a></p>
<h3 id="m36">com.qa.Tests.InventoryPageTest#verifyCartCountTest</h3><table class="result"><tr><th class="invisible"/></tr></table><p class="totop"><a href="#summary">back to summary</a></p>
<h3 id="m37">com.qa.Tests.LoginPageTest#verifyBoatLogoTest</h3><table class="result"><tr><th class="invisible"/></tr></table><p class="totop"><a href="#summary">back to summary</a></p>
</body>
</html>
