<?xml version="1.0" encoding="UTF-8"?>
<!-- Generated by org.testng.reporters.JUnitReportReporter -->
<testsuite hostname="Shivani" failures="0" tests="11" name="com.qa.Tests.LoginPageTest" time="17.609" errors="1" timestamp="2023-02-09T12:34:19 IST" skipped="9">
  <testcase classname="com.qa.Tests.LoginPageTest" name="verifyUsername" time="16.963">
    <skipped/>
  </testcase> <!-- verifyUsername -->
  <testcase classname="com.qa.Tests.LoginPageTest" name="verifyErrorMessageForWrongCredentials" time="0.000">
    <skipped/>
  </testcase> <!-- verifyErrorMessageForWrongCredentials -->
  <testcase classname="com.qa.Tests.LoginPageTest" name="verifyPassword" time="0.000">
    <skipped/>
  </testcase> <!-- verifyPassword -->
  <testcase classname="com.qa.Tests.LoginPageTest" name="verifyLogin" time="0.000">
    <skipped/>
  </testcase> <!-- verifyLogin -->
  <testcase classname="com.qa.Tests.LoginPageTest" name="tearDownMethod" time="0.577">
    <error message="C:\Users\HP\eclipse-workspace\SwagLab\Screenshots\verifyBoatLogoTest.jpeg (The system cannot find the path specified)" type="java.io.FileNotFoundException">
      <![CDATA[java.io.FileNotFoundException: C:\Users\HP\eclipse-workspace\SwagLab\Screenshots\verifyBoatLogoTest.jpeg (The system cannot find the path specified)
at java.base/java.io.FileOutputStream.open0(Native Method)
at java.base/java.io.FileOutputStream.open(FileOutputStream.java:298)
at java.base/java.io.FileOutputStream.<init>(FileOutputStream.java:237)
at java.base/java.io.FileOutputStream.<init>(FileOutputStream.java:187)
at org.openqa.selenium.io.FileHandler.copyFile(FileHandler.java:136)
at org.openqa.selenium.io.FileHandler.copy(FileHandler.java:115)
at com.Utility.UtilityMethods.screenshot(UtilityMethods.java:106)
at com.qa.Tests.BaseTest.tearDownMethod(BaseTest.java:55)
at java.base/jdk.internal.reflect.NativeMethodAccessorImpl.invoke0(Native Method)
at java.base/jdk.internal.reflect.NativeMethodAccessorImpl.invoke(NativeMethodAccessorImpl.java:62)
at java.base/jdk.internal.reflect.DelegatingMethodAccessorImpl.invoke(DelegatingMethodAccessorImpl.java:43)
at java.base/java.lang.reflect.Method.invoke(Method.java:566)
at org.testng.internal.MethodInvocationHelper.invokeMethod(MethodInvocationHelper.java:133)
at org.testng.internal.MethodInvocationHelper.invokeMethodConsideringTimeout(MethodInvocationHelper.java:62)
at org.testng.internal.ConfigInvoker.invokeConfigurationMethod(ConfigInvoker.java:340)
at org.testng.internal.ConfigInvoker.invokeConfigurations(ConfigInvoker.java:294)
at org.testng.internal.TestInvoker.runConfigMethods(TestInvoker.java:683)
at org.testng.internal.TestInvoker.runAfterGroupsConfigurations(TestInvoker.java:658)
at org.testng.internal.TestInvoker.invokeMethod(TestInvoker.java:642)
at org.testng.internal.TestInvoker.invokeTestMethod(TestInvoker.java:172)
at org.testng.internal.MethodRunner.runInSequence(MethodRunner.java:46)
at org.testng.internal.TestInvoker$MethodInvocationAgent.invoke(TestInvoker.java:804)
at org.testng.internal.TestInvoker.invokeTestMethods(TestInvoker.java:145)
at org.testng.internal.TestMethodWorker.invokeTestMethods(TestMethodWorker.java:146)
at org.testng.internal.TestMethodWorker.run(TestMethodWorker.java:128)
at java.base/java.util.ArrayList.forEach(ArrayList.java:1541)
at org.testng.TestRunner.privateRun(TestRunner.java:770)
at org.testng.TestRunner.run(TestRunner.java:591)
at org.testng.SuiteRunner.runTest(SuiteRunner.java:402)
at org.testng.SuiteRunner.runSequentially(SuiteRunner.java:396)
at org.testng.SuiteRunner.privateRun(SuiteRunner.java:355)
at org.testng.SuiteRunner.run(SuiteRunner.java:304)
at org.testng.SuiteRunnerWorker.runSuite(SuiteRunnerWorker.java:53)
at org.testng.SuiteRunnerWorker.run(SuiteRunnerWorker.java:96)
at org.testng.TestNG.runSuitesSequentially(TestNG.java:1180)
at org.testng.TestNG.runSuitesLocally(TestNG.java:1102)
at org.testng.TestNG.runSuites(TestNG.java:1032)
at org.testng.TestNG.run(TestNG.java:1000)
at org.apache.maven.surefire.testng.TestNGExecutor.run(TestNGExecutor.java:151)
at org.apache.maven.surefire.testng.TestNGDirectoryTestSuite.executeMulti(TestNGDirectoryTestSuite.java:192)
at org.apache.maven.surefire.testng.TestNGDirectoryTestSuite.execute(TestNGDirectoryTestSuite.java:93)
at org.apache.maven.surefire.testng.TestNGProvider.invoke(TestNGProvider.java:155)
at org.apache.maven.surefire.booter.ForkedBooter.runSuitesInProcess(ForkedBooter.java:456)
at org.apache.maven.surefire.booter.ForkedBooter.execute(ForkedBooter.java:169)
at org.apache.maven.surefire.booter.ForkedBooter.run(ForkedBooter.java:595)
at org.apache.maven.surefire.booter.ForkedBooter.main(ForkedBooter.java:581)
]]>
    </error>
  </testcase> <!-- tearDownMethod -->
  <testcase classname="com.qa.Tests.LoginPageTest" name="verifyErrorMessageForUsername" time="0.000">
    <skipped/>
  </testcase> <!-- verifyErrorMessageForUsername -->
  <testcase classname="com.qa.Tests.LoginPageTest" name="verifyLoginPageURL" time="0.000">
    <skipped/>
  </testcase> <!-- verifyLoginPageURL -->
  <testcase classname="com.qa.Tests.LoginPageTest" name="verifyErrorMessageForPassword" time="0.000">
    <skipped/>
  </testcase> <!-- verifyErrorMessageForPassword -->
  <testcase classname="com.qa.Tests.LoginPageTest" name="verifyBoatLogoTest" time="0.069"/>
  <testcase classname="com.qa.Tests.LoginPageTest" name="verifyLoginPageTitle" time="0.000">
    <skipped/>
  </testcase> <!-- verifyLoginPageTitle -->
  <testcase classname="com.qa.Tests.LoginPageTest" name="verifyLoginLogoTest" time="0.000">
    <skipped/>
  </testcase> <!-- verifyLoginLogoTest -->
</testsuite> <!-- com.qa.Tests.LoginPageTest -->
